<?xml version="1.0" encoding="UTF-8"?>
<coverage generated="1774421032697" clover="3.2.0">
  <project timestamp="1774421032697" name="All files">
    <metrics statements="64" coveredstatements="52" conditionals="43" coveredconditionals="30" methods="28" coveredmethods="25" elements="135" coveredelements="107" complexity="0" loc="64" ncloc="64" packages="3" files="6" classes="6"/>
    <package name="components">
      <metrics statements="9" coveredstatements="9" conditionals="12" coveredconditionals="8" methods="4" coveredmethods="4"/>
      <file name="Badge.tsx" path="/Users/hare/vibecoding_project/02_stock_tracker/stock-watcher/src/components/Badge.tsx">
        <metrics statements="4" coveredstatements="4" conditionals="0" coveredconditionals="0" methods="1" coveredmethods="1"/>
        <line num="6" count="1" type="stmt"/>
        <line num="13" count="3" type="stmt"/>
        <line num="14" count="3" type="stmt"/>
        <line num="23" count="1" type="stmt"/>
      </file>
      <file name="StockCard.tsx" path="/Users/hare/vibecoding_project/02_stock_tracker/stock-watcher/src/components/StockCard.tsx">
        <metrics statements="5" coveredstatements="5" conditionals="12" coveredconditionals="8" methods="3" coveredmethods="3"/>
        <line num="18" count="3" type="stmt"/>
        <line num="20" count="3" type="cond" truecount="3" falsecount="1"/>
        <line num="25" count="3" type="stmt"/>
        <line num="27" count="3" type="stmt"/>
        <line num="67" count="1" type="stmt"/>
      </file>
    </package>
    <package name="stores">
      <metrics statements="39" coveredstatements="29" conditionals="14" coveredconditionals="8" methods="18" coveredmethods="15"/>
      <file name="alertStore.ts" path="/Users/hare/vibecoding_project/02_stock_tracker/stock-watcher/src/stores/alertStore.ts">
        <metrics statements="17" coveredstatements="12" conditionals="6" coveredconditionals="3" methods="11" coveredmethods="9"/>
        <line num="21" count="2" type="stmt"/>
        <line num="25" count="2" type="stmt"/>
        <line num="28" count="2" type="stmt"/>
        <line num="29" count="2" type="stmt"/>
        <line num="30" count="2" type="stmt"/>
        <line num="34" count="3" type="stmt"/>
        <line num="35" count="3" type="stmt"/>
        <line num="36" count="3" type="stmt"/>
        <line num="37" count="3" type="stmt"/>
        <line num="41" count="0" type="stmt"/>
        <line num="42" count="0" type="stmt"/>
        <line num="43" count="0" type="cond" truecount="0" falsecount="2"/>
        <line num="44" count="0" type="stmt"/>
        <line num="45" count="0" type="stmt"/>
        <line num="50" count="2" type="stmt"/>
        <line num="58" count="3" type="cond" truecount="1" falsecount="1"/>
        <line num="61" count="1" type="stmt"/>
      </file>
      <file name="stocksStore.ts" path="/Users/hare/vibecoding_project/02_stock_tracker/stock-watcher/src/stores/stocksStore.ts">
        <metrics statements="22" coveredstatements="17" conditionals="8" coveredconditionals="5" methods="7" coveredmethods="6"/>
        <line num="6" count="1" type="stmt"/>
        <line num="7" count="1" type="stmt"/>
        <line num="9" count="1" type="stmt"/>
        <line num="24" count="1" type="stmt"/>
        <line num="29" count="0" type="stmt"/>
        <line num="30" count="0" type="stmt"/>
        <line num="31" count="0" type="cond" truecount="0" falsecount="2"/>
        <line num="32" count="0" type="stmt"/>
        <line num="34" count="0" type="stmt"/>
        <line num="39" count="3" type="stmt"/>
        <line num="40" count="3" type="cond" truecount="2" falsecount="0"/>
        <line num="41" count="5" type="cond" truecount="2" falsecount="0"/>
        <line num="42" count="4" type="cond" truecount="1" falsecount="1"/>
        <line num="43" count="1" type="stmt"/>
        <line num="44" count="1" type="stmt"/>
        <line num="45" count="1" type="stmt"/>
        <line num="49" count="8" type="stmt"/>
        <line num="50" count="2" type="stmt"/>
        <line num="51" count="2" type="stmt"/>
        <line num="53" count="2" type="stmt"/>
        <line num="54" count="2" type="stmt"/>
        <line num="56" count="2" type="stmt"/>
      </file>
    </package>
    <package name="utils">
      <metrics statements="16" coveredstatements="14" conditionals="17" coveredconditionals="14" methods="6" coveredmethods="6"/>
      <file name="cardStyle.ts" path="/Users/hare/vibecoding_project/02_stock_tracker/stock-watcher/src/utils/cardStyle.ts">
        <metrics statements="7" coveredstatements="7" conditionals="7" coveredconditionals="7" methods="2" coveredmethods="2"/>
        <line num="8" count="9" type="cond" truecount="2" falsecount="0"/>
        <line num="9" count="5" type="cond" truecount="2" falsecount="0"/>
        <line num="10" count="3" type="stmt"/>
        <line num="20" count="6" type="cond" truecount="3" falsecount="0"/>
        <line num="22" count="2" type="stmt"/>
        <line num="24" count="1" type="stmt"/>
        <line num="26" count="3" type="stmt"/>
      </file>
      <file name="format.ts" path="/Users/hare/vibecoding_project/02_stock_tracker/stock-watcher/src/utils/format.ts">
        <metrics statements="9" coveredstatements="7" conditionals="10" coveredconditionals="7" methods="4" coveredmethods="4"/>
        <line num="2" count="34" type="cond" truecount="2" falsecount="0"/>
        <line num="6" count="16" type="cond" truecount="2" falsecount="0"/>
        <line num="7" count="2" type="stmt"/>
        <line num="9" count="14" type="stmt"/>
        <line num="16" count="14" type="cond" truecount="2" falsecount="0"/>
        <line num="17" count="14" type="stmt"/>
        <line num="21" count="3" type="cond" truecount="1" falsecount="1"/>
        <line num="22" count="0" type="cond" truecount="0" falsecount="2"/>
        <line num="23" count="0" type="stmt"/>
      </file>
    </package>
  </project>
</coverage>
