{"/Users/hare/vibecoding_project/02_stock_tracker/stock-watcher/src/components/Badge.tsx": {"path":"/Users/hare/vibecoding_project/02_stock_tracker/stock-watcher/src/components/Badge.tsx","statementMap":{"0":{"start":{"line":6,"column":90},"end":{"line":10,"column":1}},"1":{"start":{"line":13,"column":14},"end":{"line":13,"column":34}},"2":{"start":{"line":14,"column":2},"end":{"line":20,"column":4}},"3":{"start":{"line":23,"column":15},"end":{"line":26,"column":2}}},"fnMap":{"0":{"name":"Badge","decl":{"start":{"line":12,"column":16},"end":{"line":12,"column":21}},"loc":{"start":{"line":12,"column":58},"end":{"line":21,"column":1}},"line":12}},"branchMap":{},"s":{"0":1,"1":3,"2":3,"3":1},"f":{"0":3},"b":{},"_coverageSchema":"1a1c01bbd47fc00a2c39e90264f33305004495a9","hash":"d52d6c00c6a94f964d012d1a493fb4b25b3bfcc3"}
,"/Users/hare/vibecoding_project/02_stock_tracker/stock-watcher/src/components/StockCard.tsx": {"path":"/Users/hare/vibecoding_project/02_stock_tracker/stock-watcher/src/components/StockCard.tsx","statementMap":{"0":{"start":{"line":18,"column":17},"end":{"line":24,"column":3}},"1":{"start":{"line":20,"column":6},"end":{"line":22,"column":18}},"2":{"start":{"line":25,"column":17},"end":{"line":25,"column":63}},"3":{"start":{"line":25,"column":31},"end":{"line":25,"column":52}},"4":{"start":{"line":27,"column":2},"end":{"line":64,"column":4}},"5":{"start":{"line":67,"column":15},"end":{"line":79,"column":2}}},"fnMap":{"0":{"name":"StockCard","decl":{"start":{"line":17,"column":16},"end":{"line":17,"column":25}},"loc":{"start":{"line":17,"column":80},"end":{"line":65,"column":1}},"line":17},"1":{"name":"(anonymous_1)","decl":{"start":{"line":19,"column":4},"end":{"line":19,"column":5}},"loc":{"start":{"line":20,"column":6},"end":{"line":22,"column":18}},"line":20},"2":{"name":"(anonymous_2)","decl":{"start":{"line":25,"column":25},"end":{"line":25,"column":26}},"loc":{"start":{"line":25,"column":31},"end":{"line":25,"column":52}},"line":25}},"branchMap":{"0":{"loc":{"start":{"line":20,"column":6},"end":{"line":22,"column":18}},"type":"cond-expr","locations":[{"start":{"line":21,"column":10},"end":{"line":21,"column":83}},{"start":{"line":22,"column":10},"end":{"line":22,"column":18}}],"line":20},"1":{"loc":{"start":{"line":20,"column":6},"end":{"line":20,"column":20}},"type":"binary-expr","locations":[{"start":{"line":20,"column":6},"end":{"line":20,"column":11}},{"start":{"line":20,"column":15},"end":{"line":20,"column":20}}],"line":20},"2":{"loc":{"start":{"line":43,"column":7},"end":{"line":62,"column":7}},"type":"cond-expr","locations":[{"start":{"line":44,"column":8},"end":{"line":59,"column":11}},{"start":{"line":61,"column":8},"end":{"line":61,"column":51}}],"line":43},"3":{"loc":{"start":{"line":48,"column":48},"end":{"line":48,"column":89}},"type":"cond-expr","locations":[{"start":{"line":48,"column":68},"end":{"line":48,"column":77}},{"start":{"line":48,"column":80},"end":{"line":48,"column":89}}],"line":48},"4":{"loc":{"start":{"line":51,"column":14},"end":{"line":51,"column":49}},"type":"cond-expr","locations":[{"start":{"line":51,"column":41},"end":{"line":51,"column":44}},{"start":{"line":51,"column":47},"end":{"line":51,"column":49}}],"line":51},"5":{"loc":{"start":{"line":53,"column":11},"end":{"line":58,"column":11}},"type":"binary-expr","locations":[{"start":{"line":53,"column":11},"end":{"line":53,"column":16}},{"start":{"line":54,"column":12},"end":{"line":57,"column":19}}],"line":53}},"s":{"0":3,"1":3,"2":3,"3":3,"4":3,"5":1},"f":{"0":3,"1":3,"2":3},"b":{"0":[3,0],"1":[3,3],"2":[3,0],"3":[3,0],"4":[3,0],"5":[3,3]},"_coverageSchema":"1a1c01bbd47fc00a2c39e90264f33305004495a9","hash":"a963d17e4e31ba49ca44c0ff354ec99d80679e47"}
,"/Users/hare/vibecoding_project/02_stock_tracker/stock-watcher/src/stores/alertStore.ts": {"path":"/Users/hare/vibecoding_project/02_stock_tracker/stock-watcher/src/stores/alertStore.ts","statementMap":{"0":{"start":{"line":21,"column":29},"end":{"line":65,"column":3}},"1":{"start":{"line":21,"column":63},"end":{"line":65,"column":1}},"2":{"start":{"line":25,"column":24},"end":{"line":25,"column":44}},"3":{"start":{"line":28,"column":17},"end":{"line":28,"column":55}},"4":{"start":{"line":29,"column":4},"end":{"line":29,"column":26}},"5":{"start":{"line":30,"column":4},"end":{"line":30,"column":77}},"6":{"start":{"line":34,"column":37},"end":{"line":34,"column":49}},"7":{"start":{"line":35,"column":4},"end":{"line":35,"column":26}},"8":{"start":{"line":36,"column":4},"end":{"line":36,"column":49}},"9":{"start":{"line":37,"column":4},"end":{"line":37,"column":56}},"10":{"start":{"line":41,"column":4},"end":{"line":46,"column":24}},"11":{"start":{"line":42,"column":18},"end":{"line":42,"column":65}},"12":{"start":{"line":43,"column":6},"end":{"line":43,"column":23}},"13":{"start":{"line":43,"column":16},"end":{"line":43,"column":23}},"14":{"start":{"line":44,"column":22},"end":{"line":44,"column":53}},"15":{"start":{"line":45,"column":6},"end":{"line":45,"column":67}},"16":{"start":{"line":45,"column":18},"end":{"line":45,"column":64}},"17":{"start":{"line":50,"column":4},"end":{"line":55,"column":8}},"18":{"start":{"line":50,"column":16},"end":{"line":55,"column":5}},"19":{"start":{"line":58,"column":32},"end":{"line":58,"column":70}},"20":{"start":{"line":61,"column":4},"end":{"line":63,"column":8}},"21":{"start":{"line":61,"column":16},"end":{"line":63,"column":5}}},"fnMap":{"0":{"name":"(anonymous_0)","decl":{"start":{"line":21,"column":48},"end":{"line":21,"column":49}},"loc":{"start":{"line":21,"column":63},"end":{"line":65,"column":1}},"line":21},"1":{"name":"(anonymous_1)","decl":{"start":{"line":25,"column":12},"end":{"line":25,"column":13}},"loc":{"start":{"line":25,"column":24},"end":{"line":25,"column":44}},"line":25},"2":{"name":"(anonymous_2)","decl":{"start":{"line":27,"column":12},"end":{"line":27,"column":13}},"loc":{"start":{"line":27,"column":39},"end":{"line":31,"column":3}},"line":27},"3":{"name":"(anonymous_3)","decl":{"start":{"line":33,"column":15},"end":{"line":33,"column":16}},"loc":{"start":{"line":33,"column":27},"end":{"line":38,"column":3}},"line":33},"4":{"name":"(anonymous_4)","decl":{"start":{"line":40,"column":16},"end":{"line":40,"column":17}},"loc":{"start":{"line":40,"column":34},"end":{"line":47,"column":3}},"line":40},"5":{"name":"(anonymous_5)","decl":{"start":{"line":45,"column":10},"end":{"line":45,"column":11}},"loc":{"start":{"line":45,"column":18},"end":{"line":45,"column":64}},"line":45},"6":{"name":"(anonymous_6)","decl":{"start":{"line":49,"column":15},"end":{"line":49,"column":16}},"loc":{"start":{"line":49,"column":33},"end":{"line":56,"column":3}},"line":49},"7":{"name":"(anonymous_7)","decl":{"start":{"line":50,"column":8},"end":{"line":50,"column":9}},"loc":{"start":{"line":50,"column":16},"end":{"line":55,"column":5}},"line":50},"8":{"name":"(anonymous_8)","decl":{"start":{"line":58,"column":14},"end":{"line":58,"column":15}},"loc":{"start":{"line":58,"column":32},"end":{"line":58,"column":70}},"line":58},"9":{"name":"(anonymous_9)","decl":{"start":{"line":60,"column":16},"end":{"line":60,"column":17}},"loc":{"start":{"line":60,"column":28},"end":{"line":64,"column":3}},"line":60},"10":{"name":"(anonymous_10)","decl":{"start":{"line":61,"column":8},"end":{"line":61,"column":9}},"loc":{"start":{"line":61,"column":16},"end":{"line":63,"column":5}},"line":61}},"branchMap":{"0":{"loc":{"start":{"line":43,"column":6},"end":{"line":43,"column":23}},"type":"if","locations":[{"start":{"line":43,"column":6},"end":{"line":43,"column":23}},{"start":{},"end":{}}],"line":43},"1":{"loc":{"start":{"line":53,"column":24},"end":{"line":53,"column":79}},"type":"binary-expr","locations":[{"start":{"line":53,"column":24},"end":{"line":53,"column":41}},{"start":{"line":53,"column":45},"end":{"line":53,"column":79}}],"line":53},"2":{"loc":{"start":{"line":58,"column":32},"end":{"line":58,"column":70}},"type":"binary-expr","locations":[{"start":{"line":58,"column":32},"end":{"line":58,"column":61}},{"start":{"line":58,"column":65},"end":{"line":58,"column":70}}],"line":58}},"s":{"0":2,"1":2,"2":2,"3":2,"4":2,"5":2,"6":3,"7":3,"8":3,"9":3,"10":0,"11":0,"12":0,"13":0,"14":0,"15":0,"16":0,"17":2,"18":2,"19":3,"20":1,"21":1},"f":{"0":2,"1":2,"2":2,"3":3,"4":0,"5":0,"6":2,"7":2,"8":3,"9":1,"10":1},"b":{"0":[0,0],"1":[2,2],"2":[3,0]},"_coverageSchema":"1a1c01bbd47fc00a2c39e90264f33305004495a9","hash":"9722fbf127ba9a34691962741acdf4eae763f0cb"}
,"/Users/hare/vibecoding_project/02_stock_tracker/stock-watcher/src/stores/stocksStore.ts": {"path":"/Users/hare/vibecoding_project/02_stock_tracker/stock-watcher/src/stores/stocksStore.ts","statementMap":{"0":{"start":{"line":6,"column":20},"end":{"line":6,"column":29}},"1":{"start":{"line":7,"column":19},"end":{"line":7,"column":21}},"2":{"start":{"line":9,"column":32},"end":{"line":14,"column":1}},"3":{"start":{"line":24,"column":30},"end":{"line":58,"column":3}},"4":{"start":{"line":24,"column":65},"end":{"line":58,"column":1}},"5":{"start":{"line":29,"column":4},"end":{"line":35,"column":5}},"6":{"start":{"line":30,"column":18},"end":{"line":30,"column":57}},"7":{"start":{"line":31,"column":21},"end":{"line":31,"column":59}},"8":{"start":{"line":32,"column":6},"end":{"line":32,"column":38}},"9":{"start":{"line":34,"column":6},"end":{"line":34,"column":54}},"10":{"start":{"line":39,"column":23},"end":{"line":39,"column":28}},"11":{"start":{"line":40,"column":4},"end":{"line":40,"column":79}},"12":{"start":{"line":40,"column":37},"end":{"line":40,"column":79}},"13":{"start":{"line":41,"column":4},"end":{"line":41,"column":88}},"14":{"start":{"line":41,"column":27},"end":{"line":41,"column":52}},"15":{"start":{"line":41,"column":55},"end":{"line":41,"column":88}},"16":{"start":{"line":42,"column":4},"end":{"line":42,"column":85}},"17":{"start":{"line":42,"column":27},"end":{"line":42,"column":48}},"18":{"start":{"line":42,"column":51},"end":{"line":42,"column":85}},"19":{"start":{"line":43,"column":17},"end":{"line":43,"column":35}},"20":{"start":{"line":44,"column":4},"end":{"line":44,"column":26}},"21":{"start":{"line":45,"column":4},"end":{"line":45,"column":60}},"22":{"start":{"line":49,"column":17},"end":{"line":49,"column":64}},"23":{"start":{"line":49,"column":44},"end":{"line":49,"column":63}},"24":{"start":{"line":50,"column":4},"end":{"line":50,"column":26}},"25":{"start":{"line":51,"column":4},"end":{"line":51,"column":60}},"26":{"start":{"line":53,"column":4},"end":{"line":53,"column":49}},"27":{"start":{"line":54,"column":4},"end":{"line":54,"column":56}},"28":{"start":{"line":56,"column":4},"end":{"line":56,"column":49}}},"fnMap":{"0":{"name":"(anonymous_0)","decl":{"start":{"line":24,"column":50},"end":{"line":24,"column":51}},"loc":{"start":{"line":24,"column":65},"end":{"line":58,"column":1}},"line":24},"1":{"name":"(anonymous_1)","decl":{"start":{"line":28,"column":11},"end":{"line":28,"column":12}},"loc":{"start":{"line":28,"column":23},"end":{"line":36,"column":3}},"line":28},"2":{"name":"(anonymous_2)","decl":{"start":{"line":38,"column":12},"end":{"line":38,"column":13}},"loc":{"start":{"line":38,"column":30},"end":{"line":46,"column":3}},"line":38},"3":{"name":"(anonymous_3)","decl":{"start":{"line":41,"column":20},"end":{"line":41,"column":21}},"loc":{"start":{"line":41,"column":27},"end":{"line":41,"column":52}},"line":41},"4":{"name":"(anonymous_4)","decl":{"start":{"line":42,"column":20},"end":{"line":42,"column":21}},"loc":{"start":{"line":42,"column":27},"end":{"line":42,"column":48}},"line":42},"5":{"name":"(anonymous_5)","decl":{"start":{"line":48,"column":15},"end":{"line":48,"column":16}},"loc":{"start":{"line":48,"column":35},"end":{"line":57,"column":3}},"line":48},"6":{"name":"(anonymous_6)","decl":{"start":{"line":49,"column":37},"end":{"line":49,"column":38}},"loc":{"start":{"line":49,"column":44},"end":{"line":49,"column":63}},"line":49}},"branchMap":{"0":{"loc":{"start":{"line":31,"column":21},"end":{"line":31,"column":59}},"type":"cond-expr","locations":[{"start":{"line":31,"column":27},"end":{"line":31,"column":42}},{"start":{"line":31,"column":45},"end":{"line":31,"column":59}}],"line":31},"1":{"loc":{"start":{"line":40,"column":4},"end":{"line":40,"column":79}},"type":"if","locations":[{"start":{"line":40,"column":4},"end":{"line":40,"column":79}},{"start":{},"end":{}}],"line":40},"2":{"loc":{"start":{"line":41,"column":4},"end":{"line":41,"column":88}},"type":"if","locations":[{"start":{"line":41,"column":4},"end":{"line":41,"column":88}},{"start":{},"end":{}}],"line":41},"3":{"loc":{"start":{"line":42,"column":4},"end":{"line":42,"column":85}},"type":"if","locations":[{"start":{"line":42,"column":4},"end":{"line":42,"column":85}},{"start":{},"end":{}}],"line":42}},"s":{"0":1,"1":1,"2":1,"3":1,"4":1,"5":0,"6":0,"7":0,"8":0,"9":0,"10":3,"11":3,"12":1,"13":2,"14":5,"15":1,"16":1,"17":4,"18":0,"19":1,"20":1,"21":1,"22":2,"23":8,"24":2,"25":2,"26":2,"27":2,"28":2},"f":{"0":1,"1":0,"2":3,"3":5,"4":4,"5":2,"6":8},"b":{"0":[0,0],"1":[1,2],"2":[1,1],"3":[0,1]},"_coverageSchema":"1a1c01bbd47fc00a2c39e90264f33305004495a9","hash":"4711ad24e9f3939009fa5f25a034af3ae9668b9a"}
,"/Users/hare/vibecoding_project/02_stock_tracker/stock-watcher/src/utils/cardStyle.ts": {"path":"/Users/hare/vibecoding_project/02_stock_tracker/stock-watcher/src/utils/cardStyle.ts","statementMap":{"0":{"start":{"line":8,"column":2},"end":{"line":8,"column":51}},"1":{"start":{"line":8,"column":35},"end":{"line":8,"column":51}},"2":{"start":{"line":9,"column":2},"end":{"line":9,"column":55}},"3":{"start":{"line":9,"column":37},"end":{"line":9,"column":55}},"4":{"start":{"line":10,"column":2},"end":{"line":10,"column":18}},"5":{"start":{"line":20,"column":2},"end":{"line":27,"column":3}},"6":{"start":{"line":22,"column":6},"end":{"line":22,"column":92}},"7":{"start":{"line":24,"column":6},"end":{"line":24,"column":92}},"8":{"start":{"line":26,"column":6},"end":{"line":26,"column":74}}},"fnMap":{"0":{"name":"getCardStatus","decl":{"start":{"line":3,"column":16},"end":{"line":3,"column":29}},"loc":{"start":{"line":7,"column":14},"end":{"line":11,"column":1}},"line":7},"1":{"name":"getCardColors","decl":{"start":{"line":19,"column":16},"end":{"line":19,"column":29}},"loc":{"start":{"line":19,"column":62},"end":{"line":28,"column":1}},"line":19}},"branchMap":{"0":{"loc":{"start":{"line":8,"column":2},"end":{"line":8,"column":51}},"type":"if","locations":[{"start":{"line":8,"column":2},"end":{"line":8,"column":51}},{"start":{},"end":{}}],"line":8},"1":{"loc":{"start":{"line":9,"column":2},"end":{"line":9,"column":55}},"type":"if","locations":[{"start":{"line":9,"column":2},"end":{"line":9,"column":55}},{"start":{},"end":{}}],"line":9},"2":{"loc":{"start":{"line":20,"column":2},"end":{"line":27,"column":3}},"type":"switch","locations":[{"start":{"line":21,"column":4},"end":{"line":22,"column":92}},{"start":{"line":23,"column":4},"end":{"line":24,"column":92}},{"start":{"line":25,"column":4},"end":{"line":26,"column":74}}],"line":20}},"s":{"0":9,"1":4,"2":5,"3":2,"4":3,"5":6,"6":2,"7":1,"8":3},"f":{"0":9,"1":6},"b":{"0":[4,5],"1":[2,3],"2":[2,1,3]},"_coverageSchema":"1a1c01bbd47fc00a2c39e90264f33305004495a9","hash":"b31a8bd77fc05e6c25b83b150bed7c3574ebf44d"}
,"/Users/hare/vibecoding_project/02_stock_tracker/stock-watcher/src/utils/format.ts": {"path":"/Users/hare/vibecoding_project/02_stock_tracker/stock-watcher/src/utils/format.ts","statementMap":{"0":{"start":{"line":2,"column":2},"end":{"line":2,"column":58}},"1":{"start":{"line":6,"column":2},"end":{"line":8,"column":3}},"2":{"start":{"line":7,"column":4},"end":{"line":7,"column":71}},"3":{"start":{"line":9,"column":2},"end":{"line":12,"column":5}},"4":{"start":{"line":16,"column":17},"end":{"line":16,"column":50}},"5":{"start":{"line":17,"column":2},"end":{"line":17,"column":50}},"6":{"start":{"line":21,"column":2},"end":{"line":21,"column":29}},"7":{"start":{"line":21,"column":18},"end":{"line":21,"column":29}},"8":{"start":{"line":22,"column":2},"end":{"line":22,"column":29}},"9":{"start":{"line":22,"column":18},"end":{"line":22,"column":29}},"10":{"start":{"line":23,"column":2},"end":{"line":23,"column":13}}},"fnMap":{"0":{"name":"isKoreanStock","decl":{"start":{"line":1,"column":16},"end":{"line":1,"column":29}},"loc":{"start":{"line":1,"column":55},"end":{"line":3,"column":1}},"line":1},"1":{"name":"formatPrice","decl":{"start":{"line":5,"column":16},"end":{"line":5,"column":27}},"loc":{"start":{"line":5,"column":67},"end":{"line":13,"column":1}},"line":5},"2":{"name":"formatCurrency","decl":{"start":{"line":15,"column":16},"end":{"line":15,"column":30}},"loc":{"start":{"line":15,"column":70},"end":{"line":18,"column":1}},"line":15},"3":{"name":"formatChangeSign","decl":{"start":{"line":20,"column":16},"end":{"line":20,"column":32}},"loc":{"start":{"line":20,"column":57},"end":{"line":24,"column":1}},"line":20}},"branchMap":{"0":{"loc":{"start":{"line":2,"column":9},"end":{"line":2,"column":57}},"type":"binary-expr","locations":[{"start":{"line":2,"column":9},"end":{"line":2,"column":31}},{"start":{"line":2,"column":35},"end":{"line":2,"column":57}}],"line":2},"1":{"loc":{"start":{"line":6,"column":2},"end":{"line":8,"column":3}},"type":"if","locations":[{"start":{"line":6,"column":2},"end":{"line":8,"column":3}},{"start":{},"end":{}}],"line":6},"2":{"loc":{"start":{"line":16,"column":17},"end":{"line":16,"column":50}},"type":"cond-expr","locations":[{"start":{"line":16,"column":41},"end":{"line":16,"column":44}},{"start":{"line":16,"column":47},"end":{"line":16,"column":50}}],"line":16},"3":{"loc":{"start":{"line":21,"column":2},"end":{"line":21,"column":29}},"type":"if","locations":[{"start":{"line":21,"column":2},"end":{"line":21,"column":29}},{"start":{},"end":{}}],"line":21},"4":{"loc":{"start":{"line":22,"column":2},"end":{"line":22,"column":29}},"type":"if","locations":[{"start":{"line":22,"column":2},"end":{"line":22,"column":29}},{"start":{},"end":{}}],"line":22}},"s":{"0":34,"1":16,"2":2,"3":14,"4":14,"5":14,"6":3,"7":3,"8":0,"9":0,"10":0},"f":{"0":34,"1":16,"2":14,"3":3},"b":{"0":[34,30],"1":[2,14],"2":[1,13],"3":[3,0],"4":[0,0]},"_coverageSchema":"1a1c01bbd47fc00a2c39e90264f33305004495a9","hash":"d63b865557a0eb8b829ee5d50e5c38b4cdce44e8"}
}
