TN:
SF:src/components/Badge.tsx
FN:12,Badge
FNF:1
FNH:1
FNDA:3,Badge
DA:6,1
DA:13,3
DA:14,3
DA:23,1
LF:4
LH:4
BRF:0
BRH:0
end_of_record
TN:
SF:src/components/StockCard.tsx
FN:17,StockCard
FN:19,(anonymous_1)
FN:25,(anonymous_2)
FNF:3
FNH:3
FNDA:3,StockCard
FNDA:3,(anonymous_1)
FNDA:3,(anonymous_2)
DA:18,3
DA:20,3
DA:25,3
DA:27,3
DA:67,1
LF:5
LH:5
BRDA:20,0,0,3
BRDA:20,0,1,0
BRDA:20,1,0,3
BRDA:20,1,1,3
BRDA:43,2,0,3
BRDA:43,2,1,0
BRDA:48,3,0,3
BRDA:48,3,1,0
BRDA:51,4,0,3
BRDA:51,4,1,0
BRDA:53,5,0,3
BRDA:53,5,1,3
BRF:12
BRH:8
end_of_record
TN:
SF:src/stores/alertStore.ts
FN:21,(anonymous_0)
FN:25,(anonymous_1)
FN:27,(anonymous_2)
FN:33,(anonymous_3)
FN:40,(anonymous_4)
FN:45,(anonymous_5)
FN:49,(anonymous_6)
FN:50,(anonymous_7)
FN:58,(anonymous_8)
FN:60,(anonymous_9)
FN:61,(anonymous_10)
FNF:11
FNH:9
FNDA:2,(anonymous_0)
FNDA:2,(anonymous_1)
FNDA:2,(anonymous_2)
FNDA:3,(anonymous_3)
FNDA:0,(anonymous_4)
FNDA:0,(anonymous_5)
FNDA:2,(anonymous_6)
FNDA:2,(anonymous_7)
FNDA:3,(anonymous_8)
FNDA:1,(anonymous_9)
FNDA:1,(anonymous_10)
DA:21,2
DA:25,2
DA:28,2
DA:29,2
DA:30,2
DA:34,3
DA:35,3
DA:36,3
DA:37,3
DA:41,0
DA:42,0
DA:43,0
DA:44,0
DA:45,0
DA:50,2
DA:58,3
DA:61,1
LF:17
LH:12
BRDA:43,0,0,0
BRDA:43,0,1,0
BRDA:53,1,0,2
BRDA:53,1,1,2
BRDA:58,2,0,3
BRDA:58,2,1,0
BRF:6
BRH:3
end_of_record
TN:
SF:src/stores/stocksStore.ts
FN:24,(anonymous_0)
FN:28,(anonymous_1)
FN:38,(anonymous_2)
FN:41,(anonymous_3)
FN:42,(anonymous_4)
FN:48,(anonymous_5)
FN:49,(anonymous_6)
FNF:7
FNH:6
FNDA:1,(anonymous_0)
FNDA:0,(anonymous_1)
FNDA:3,(anonymous_2)
FNDA:5,(anonymous_3)
FNDA:4,(anonymous_4)
FNDA:2,(anonymous_5)
FNDA:8,(anonymous_6)
DA:6,1
DA:7,1
DA:9,1
DA:24,1
DA:29,0
DA:30,0
DA:31,0
DA:32,0
DA:34,0
DA:39,3
DA:40,3
DA:41,5
DA:42,4
DA:43,1
DA:44,1
DA:45,1
DA:49,8
DA:50,2
DA:51,2
DA:53,2
DA:54,2
DA:56,2
LF:22
LH:17
BRDA:31,0,0,0
BRDA:31,0,1,0
BRDA:40,1,0,1
BRDA:40,1,1,2
BRDA:41,2,0,1
BRDA:41,2,1,1
BRDA:42,3,0,0
BRDA:42,3,1,1
BRF:8
BRH:5
end_of_record
TN:
SF:src/utils/cardStyle.ts
FN:3,getCardStatus
FN:19,getCardColors
FNF:2
FNH:2
FNDA:9,getCardStatus
FNDA:6,getCardColors
DA:8,9
DA:9,5
DA:10,3
DA:20,6
DA:22,2
DA:24,1
DA:26,3
LF:7
LH:7
BRDA:8,0,0,4
BRDA:8,0,1,5
BRDA:9,1,0,2
BRDA:9,1,1,3
BRDA:20,2,0,2
BRDA:20,2,1,1
BRDA:20,2,2,3
BRF:7
BRH:7
end_of_record
TN:
SF:src/utils/format.ts
FN:1,isKoreanStock
FN:5,formatPrice
FN:15,formatCurrency
FN:20,formatChangeSign
FNF:4
FNH:4
FNDA:34,isKoreanStock
FNDA:16,formatPrice
FNDA:14,formatCurrency
FNDA:3,formatChangeSign
DA:2,34
DA:6,16
DA:7,2
DA:9,14
DA:16,14
DA:17,14
DA:21,3
DA:22,0
DA:23,0
LF:9
LH:7
BRDA:2,0,0,34
BRDA:2,0,1,30
BRDA:6,1,0,2
BRDA:6,1,1,14
BRDA:16,2,0,1
BRDA:16,2,1,13
BRDA:21,3,0,3
BRDA:21,3,1,0
BRDA:22,4,0,0
BRDA:22,4,1,0
BRF:10
BRH:7
end_of_record
